2019-06-28 17:42:17,264 0      [           main] INFO  zaxxer.hikari.HikariDataSource  - HikariPool-1 - Starting...
2019-06-28 17:42:17,519 255    [           main] INFO  om.zaxxer.hikari.pool.PoolBase  - HikariPool-1 - Driver does not support get/set network timeout for connections. (com.mysql.jdbc.JDBC4Connection.getNetworkTimeout()I)
2019-06-28 17:42:17,525 261    [           main] INFO  zaxxer.hikari.HikariDataSource  - HikariPool-1 - Start completed.
2019-06-28 17:42:17,542 278    [           main] INFO  ervice.impl.AccountServiceImpl  - 业务层：查询所有账户...
2019-06-28 18:13:07,435 1      [           main] INFO  DefaultTestContextBootstrapper  - Loaded default TestExecutionListener class names from location [META-INF/spring.factories]: [org.springframework.test.context.web.ServletTestExecutionListener, org.springframework.test.context.support.DirtiesContextBeforeModesTestExecutionListener, org.springframework.test.context.support.DependencyInjectionTestExecutionListener, org.springframework.test.context.support.DirtiesContextTestExecutionListener, org.springframework.test.context.transaction.TransactionalTestExecutionListener, org.springframework.test.context.jdbc.SqlScriptsTestExecutionListener]
2019-06-28 18:13:07,457 23     [           main] INFO  DefaultTestContextBootstrapper  - Using TestExecutionListeners: [org.springframework.test.context.web.ServletTestExecutionListener@3159c4b8, org.springframework.test.context.support.DirtiesContextBeforeModesTestExecutionListener@73846619, org.springframework.test.context.support.DependencyInjectionTestExecutionListener@4bec1f0c, org.springframework.test.context.support.DirtiesContextTestExecutionListener@29ca901e, org.springframework.test.context.transaction.TransactionalTestExecutionListener@5649fd9b, org.springframework.test.context.jdbc.SqlScriptsTestExecutionListener@6adede5]
2019-06-28 18:13:08,714 1280   [           main] INFO  zaxxer.hikari.HikariDataSource  - HikariPool-1 - Starting...
2019-06-28 18:13:08,937 1503   [           main] INFO  om.zaxxer.hikari.pool.PoolBase  - HikariPool-1 - Driver does not support get/set network timeout for connections. (com.mysql.jdbc.JDBC4Connection.getNetworkTimeout()I)
2019-06-28 18:13:08,943 1509   [           main] INFO  zaxxer.hikari.HikariDataSource  - HikariPool-1 - Start completed.
2019-06-28 18:13:08,962 1528   [           main] INFO  ervice.impl.AccountServiceImpl  - 业务层：查询所有账户...
2019-06-28 18:13:09,005 1571   [       Thread-1] INFO  zaxxer.hikari.HikariDataSource  - HikariPool-1 - Shutdown initiated...
2019-06-28 18:13:09,010 1576   [       Thread-1] INFO  zaxxer.hikari.HikariDataSource  - HikariPool-1 - Shutdown completed.
2019-06-28 18:13:58,199 0      [           main] INFO  DefaultTestContextBootstrapper  - Loaded default TestExecutionListener class names from location [META-INF/spring.factories]: [org.springframework.test.context.web.ServletTestExecutionListener, org.springframework.test.context.support.DirtiesContextBeforeModesTestExecutionListener, org.springframework.test.context.support.DependencyInjectionTestExecutionListener, org.springframework.test.context.support.DirtiesContextTestExecutionListener, org.springframework.test.context.transaction.TransactionalTestExecutionListener, org.springframework.test.context.jdbc.SqlScriptsTestExecutionListener]
2019-06-28 18:13:58,213 14     [           main] INFO  DefaultTestContextBootstrapper  - Using TestExecutionListeners: [org.springframework.test.context.web.ServletTestExecutionListener@3159c4b8, org.springframework.test.context.support.DirtiesContextBeforeModesTestExecutionListener@73846619, org.springframework.test.context.support.DependencyInjectionTestExecutionListener@4bec1f0c, org.springframework.test.context.support.DirtiesContextTestExecutionListener@29ca901e, org.springframework.test.context.transaction.TransactionalTestExecutionListener@5649fd9b, org.springframework.test.context.jdbc.SqlScriptsTestExecutionListener@6adede5]
2019-06-28 18:13:59,043 844    [           main] WARN  port.GenericApplicationContext  - Exception encountered during context initialization - cancelling refresh attempt: org.springframework.beans.factory.UnsatisfiedDependencyException: Error creating bean with name 'accountService': Unsatisfied dependency expressed through field 'accountDao'; nested exception is org.springframework.beans.factory.UnsatisfiedDependencyException: Error creating bean with name 'IAccountDao' defined in file [E:\bilin-learn\common-spring\com-ssm\target\classes\com\lin\dao\IAccountDao.class]: Unsatisfied dependency expressed through bean property 'sqlSessionFactory'; nested exception is org.springframework.beans.factory.BeanCreationException: Error creating bean with name 'sqlSessionFactory' defined in class path resource [applicationContext.xml]: Invocation of init method failed; nested exception is org.apache.ibatis.builder.BuilderException: Error creating document instance.  Cause: org.xml.sax.SAXParseException; lineNumber: 6; columnNumber: 29; 文档根元素 "faces-config" 必须匹配 DOCTYPE 根 "null"。
2019-06-28 18:13:59,049 850    [           main] ERROR est.context.TestContextManager  - Caught exception while allowing TestExecutionListener [org.springframework.test.context.support.DependencyInjectionTestExecutionListener@4bec1f0c] to prepare test instance [TestMyBatisOnSpring@65c7a252]
java.lang.IllegalStateException: Failed to load ApplicationContext
	at org.springframework.test.context.cache.DefaultCacheAwareContextLoaderDelegate.loadContext(DefaultCacheAwareContextLoaderDelegate.java:125)
	at org.springframework.test.context.support.DefaultTestContext.getApplicationContext(DefaultTestContext.java:108)
	at org.springframework.test.context.support.DependencyInjectionTestExecutionListener.injectDependencies(DependencyInjectionTestExecutionListener.java:118)
	at org.springframework.test.context.support.DependencyInjectionTestExecutionListener.prepareTestInstance(DependencyInjectionTestExecutionListener.java:83)
	at org.springframework.test.context.TestContextManager.prepareTestInstance(TestContextManager.java:246)
	at org.springframework.test.context.junit4.SpringJUnit4ClassRunner.createTest(SpringJUnit4ClassRunner.java:227)
	at org.springframework.test.context.junit4.SpringJUnit4ClassRunner$1.runReflectiveCall(SpringJUnit4ClassRunner.java:289)
	at org.junit.internal.runners.model.ReflectiveCallable.run(ReflectiveCallable.java:12)
	at org.springframework.test.context.junit4.SpringJUnit4ClassRunner.methodBlock(SpringJUnit4ClassRunner.java:291)
	at org.springframework.test.context.junit4.SpringJUnit4ClassRunner.runChild(SpringJUnit4ClassRunner.java:246)
	at org.springframework.test.context.junit4.SpringJUnit4ClassRunner.runChild(SpringJUnit4ClassRunner.java:97)
	at org.junit.runners.ParentRunner$3.run(ParentRunner.java:290)
	at org.junit.runners.ParentRunner$1.schedule(ParentRunner.java:71)
	at org.junit.runners.ParentRunner.runChildren(ParentRunner.java:288)
	at org.junit.runners.ParentRunner.access$000(ParentRunner.java:58)
	at org.junit.runners.ParentRunner$2.evaluate(ParentRunner.java:268)
	at org.springframework.test.context.junit4.statements.RunBeforeTestClassCallbacks.evaluate(RunBeforeTestClassCallbacks.java:61)
	at org.springframework.test.context.junit4.statements.RunAfterTestClassCallbacks.evaluate(RunAfterTestClassCallbacks.java:70)
	at org.junit.runners.ParentRunner.run(ParentRunner.java:363)
	at org.springframework.test.context.junit4.SpringJUnit4ClassRunner.run(SpringJUnit4ClassRunner.java:190)
	at org.junit.runner.JUnitCore.run(JUnitCore.java:137)
	at com.intellij.junit4.JUnit4IdeaTestRunner.startRunnerWithArgs(JUnit4IdeaTestRunner.java:68)
	at com.intellij.rt.execution.junit.IdeaTestRunner$Repeater.startRunnerWithArgs(IdeaTestRunner.java:47)
	at com.intellij.rt.execution.junit.JUnitStarter.prepareStreamsAndStart(JUnitStarter.java:242)
	at com.intellij.rt.execution.junit.JUnitStarter.main(JUnitStarter.java:70)
Caused by: org.springframework.beans.factory.UnsatisfiedDependencyException: Error creating bean with name 'accountService': Unsatisfied dependency expressed through field 'accountDao'; nested exception is org.springframework.beans.factory.UnsatisfiedDependencyException: Error creating bean with name 'IAccountDao' defined in file [E:\bilin-learn\common-spring\com-ssm\target\classes\com\lin\dao\IAccountDao.class]: Unsatisfied dependency expressed through bean property 'sqlSessionFactory'; nested exception is org.springframework.beans.factory.BeanCreationException: Error creating bean with name 'sqlSessionFactory' defined in class path resource [applicationContext.xml]: Invocation of init method failed; nested exception is org.apache.ibatis.builder.BuilderException: Error creating document instance.  Cause: org.xml.sax.SAXParseException; lineNumber: 6; columnNumber: 29; 文档根元素 "faces-config" 必须匹配 DOCTYPE 根 "null"。
	at org.springframework.beans.factory.annotation.AutowiredAnnotationBeanPostProcessor$AutowiredFieldElement.inject(AutowiredAnnotationBeanPostProcessor.java:596)
	at org.springframework.beans.factory.annotation.InjectionMetadata.inject(InjectionMetadata.java:90)
	at org.springframework.beans.factory.annotation.AutowiredAnnotationBeanPostProcessor.postProcessProperties(AutowiredAnnotationBeanPostProcessor.java:374)
	at org.springframework.beans.factory.support.AbstractAutowireCapableBeanFactory.populateBean(AbstractAutowireCapableBeanFactory.java:1411)
	at org.springframework.beans.factory.support.AbstractAutowireCapableBeanFactory.doCreateBean(AbstractAutowireCapableBeanFactory.java:592)
	at org.springframework.beans.factory.support.AbstractAutowireCapableBeanFactory.createBean(AbstractAutowireCapableBeanFactory.java:515)
	at org.springframework.beans.factory.support.AbstractBeanFactory.lambda$doGetBean$0(AbstractBeanFactory.java:320)
	at org.springframework.beans.factory.support.DefaultSingletonBeanRegistry.getSingleton(DefaultSingletonBeanRegistry.java:222)
	at org.springframework.beans.factory.support.AbstractBeanFactory.doGetBean(AbstractBeanFactory.java:318)
	at org.springframework.beans.factory.support.AbstractBeanFactory.getBean(AbstractBeanFactory.java:199)
	at org.springframework.beans.factory.support.DefaultListableBeanFactory.preInstantiateSingletons(DefaultListableBeanFactory.java:845)
	at org.springframework.context.support.AbstractApplicationContext.finishBeanFactoryInitialization(AbstractApplicationContext.java:877)
	at org.springframework.context.support.AbstractApplicationContext.refresh(AbstractApplicationContext.java:549)
	at org.springframework.test.context.support.AbstractGenericContextLoader.loadContext(AbstractGenericContextLoader.java:128)
	at org.springframework.test.context.support.AbstractGenericContextLoader.loadContext(AbstractGenericContextLoader.java:60)
	at org.springframework.test.context.support.AbstractDelegatingSmartContextLoader.delegateLoading(AbstractDelegatingSmartContextLoader.java:275)
	at org.springframework.test.context.support.AbstractDelegatingSmartContextLoader.loadContext(AbstractDelegatingSmartContextLoader.java:243)
	at org.springframework.test.context.cache.DefaultCacheAwareContextLoaderDelegate.loadContextInternal(DefaultCacheAwareContextLoaderDelegate.java:99)
	at org.springframework.test.context.cache.DefaultCacheAwareContextLoaderDelegate.loadContext(DefaultCacheAwareContextLoaderDelegate.java:117)
	... 24 more
Caused by: org.springframework.beans.factory.UnsatisfiedDependencyException: Error creating bean with name 'IAccountDao' defined in file [E:\bilin-learn\common-spring\com-ssm\target\classes\com\lin\dao\IAccountDao.class]: Unsatisfied dependency expressed through bean property 'sqlSessionFactory'; nested exception is org.springframework.beans.factory.BeanCreationException: Error creating bean with name 'sqlSessionFactory' defined in class path resource [applicationContext.xml]: Invocation of init method failed; nested exception is org.apache.ibatis.builder.BuilderException: Error creating document instance.  Cause: org.xml.sax.SAXParseException; lineNumber: 6; columnNumber: 29; 文档根元素 "faces-config" 必须匹配 DOCTYPE 根 "null"。
	at org.springframework.beans.factory.support.AbstractAutowireCapableBeanFactory.autowireByType(AbstractAutowireCapableBeanFactory.java:1515)
	at org.springframework.beans.factory.support.AbstractAutowireCapableBeanFactory.populateBean(AbstractAutowireCapableBeanFactory.java:1395)
	at org.springframework.beans.factory.support.AbstractAutowireCapableBeanFactory.doCreateBean(AbstractAutowireCapableBeanFactory.java:592)
	at org.springframework.beans.factory.support.AbstractAutowireCapableBeanFactory.createBean(AbstractAutowireCapableBeanFactory.java:515)
	at org.springframework.beans.factory.support.AbstractBeanFactory.lambda$doGetBean$0(AbstractBeanFactory.java:320)
	at org.springframework.beans.factory.support.DefaultSingletonBeanRegistry.getSingleton(DefaultSingletonBeanRegistry.java:222)
	at org.springframework.beans.factory.support.AbstractBeanFactory.doGetBean(AbstractBeanFactory.java:318)
	at org.springframework.beans.factory.support.AbstractBeanFactory.getBean(AbstractBeanFactory.java:199)
	at org.springframework.beans.factory.config.DependencyDescriptor.resolveCandidate(DependencyDescriptor.java:277)
	at org.springframework.beans.factory.support.DefaultListableBeanFactory.doResolveDependency(DefaultListableBeanFactory.java:1251)
	at org.springframework.beans.factory.support.DefaultListableBeanFactory.resolveDependency(DefaultListableBeanFactory.java:1171)
	at org.springframework.beans.factory.annotation.AutowiredAnnotationBeanPostProcessor$AutowiredFieldElement.inject(AutowiredAnnotationBeanPostProcessor.java:593)
	... 42 more
Caused by: org.springframework.beans.factory.BeanCreationException: Error creating bean with name 'sqlSessionFactory' defined in class path resource [applicationContext.xml]: Invocation of init method failed; nested exception is org.apache.ibatis.builder.BuilderException: Error creating document instance.  Cause: org.xml.sax.SAXParseException; lineNumber: 6; columnNumber: 29; 文档根元素 "faces-config" 必须匹配 DOCTYPE 根 "null"。
	at org.springframework.beans.factory.support.AbstractAutowireCapableBeanFactory.initializeBean(AbstractAutowireCapableBeanFactory.java:1778)
	at org.springframework.beans.factory.support.AbstractAutowireCapableBeanFactory.doCreateBean(AbstractAutowireCapableBeanFactory.java:593)
	at org.springframework.beans.factory.support.AbstractAutowireCapableBeanFactory.createBean(AbstractAutowireCapableBeanFactory.java:515)
	at org.springframework.beans.factory.support.AbstractBeanFactory.lambda$doGetBean$0(AbstractBeanFactory.java:320)
	at org.springframework.beans.factory.support.DefaultSingletonBeanRegistry.getSingleton(DefaultSingletonBeanRegistry.java:222)
	at org.springframework.beans.factory.support.AbstractBeanFactory.doGetBean(AbstractBeanFactory.java:318)
	at org.springframework.beans.factory.support.AbstractBeanFactory.getBean(AbstractBeanFactory.java:199)
	at org.springframework.beans.factory.config.DependencyDescriptor.resolveCandidate(DependencyDescriptor.java:277)
	at org.springframework.beans.factory.support.DefaultListableBeanFactory.doResolveDependency(DefaultListableBeanFactory.java:1251)
	at org.springframework.beans.factory.support.DefaultListableBeanFactory.resolveDependency(DefaultListableBeanFactory.java:1171)
	at org.springframework.beans.factory.support.AbstractAutowireCapableBeanFactory.autowireByType(AbstractAutowireCapableBeanFactory.java:1500)
	... 53 more
Caused by: org.apache.ibatis.builder.BuilderException: Error creating document instance.  Cause: org.xml.sax.SAXParseException; lineNumber: 6; columnNumber: 29; 文档根元素 "faces-config" 必须匹配 DOCTYPE 根 "null"。
	at org.apache.ibatis.parsing.XPathParser.createDocument(XPathParser.java:259)
	at org.apache.ibatis.parsing.XPathParser.<init>(XPathParser.java:125)
	at org.apache.ibatis.builder.xml.XMLConfigBuilder.<init>(XMLConfigBuilder.java:82)
	at org.mybatis.spring.SqlSessionFactoryBean.buildSqlSessionFactory(SqlSessionFactoryBean.java:407)
	at org.mybatis.spring.SqlSessionFactoryBean.afterPropertiesSet(SqlSessionFactoryBean.java:381)
	at org.springframework.beans.factory.support.AbstractAutowireCapableBeanFactory.invokeInitMethods(AbstractAutowireCapableBeanFactory.java:1837)
	at org.springframework.beans.factory.support.AbstractAutowireCapableBeanFactory.initializeBean(AbstractAutowireCapableBeanFactory.java:1774)
	... 63 more
Caused by: org.xml.sax.SAXParseException; lineNumber: 6; columnNumber: 29; 文档根元素 "faces-config" 必须匹配 DOCTYPE 根 "null"。
	at com.sun.org.apache.xerces.internal.util.ErrorHandlerWrapper.createSAXParseException(ErrorHandlerWrapper.java:203)
	at com.sun.org.apache.xerces.internal.util.ErrorHandlerWrapper.error(ErrorHandlerWrapper.java:134)
	at com.sun.org.apache.xerces.internal.impl.XMLErrorReporter.reportError(XMLErrorReporter.java:396)
	at com.sun.org.apache.xerces.internal.impl.XMLErrorReporter.reportError(XMLErrorReporter.java:327)
	at com.sun.org.apache.xerces.internal.impl.XMLErrorReporter.reportError(XMLErrorReporter.java:284)
	at com.sun.org.apache.xerces.internal.impl.dtd.XMLDTDValidator.rootElementSpecified(XMLDTDValidator.java:1599)
	at com.sun.org.apache.xerces.internal.impl.dtd.XMLDTDValidator.handleStartElement(XMLDTDValidator.java:1877)
	at com.sun.org.apache.xerces.internal.impl.dtd.XMLDTDValidator.startElement(XMLDTDValidator.java:742)
	at com.sun.org.apache.xerces.internal.impl.XMLDocumentFragmentScannerImpl.scanStartElement(XMLDocumentFragmentScannerImpl.java:1359)
	at com.sun.org.apache.xerces.internal.impl.XMLDocumentScannerImpl$ContentDriver.scanRootElementHook(XMLDocumentScannerImpl.java:1289)
	at com.sun.org.apache.xerces.internal.impl.XMLDocumentFragmentScannerImpl$FragmentContentDriver.next(XMLDocumentFragmentScannerImpl.java:3132)
	at com.sun.org.apache.xerces.internal.impl.XMLDocumentScannerImpl$PrologDriver.next(XMLDocumentScannerImpl.java:852)
	at com.sun.org.apache.xerces.internal.impl.XMLDocumentScannerImpl.next(XMLDocumentScannerImpl.java:602)
	at com.sun.org.apache.xerces.internal.impl.XMLDocumentFragmentScannerImpl.scanDocument(XMLDocumentFragmentScannerImpl.java:505)
	at com.sun.org.apache.xerces.internal.parsers.XML11Configuration.parse(XML11Configuration.java:842)
	at com.sun.org.apache.xerces.internal.parsers.XML11Configuration.parse(XML11Configuration.java:771)
	at com.sun.org.apache.xerces.internal.parsers.XMLParser.parse(XMLParser.java:141)
	at com.sun.org.apache.xerces.internal.parsers.DOMParser.parse(DOMParser.java:243)
	at com.sun.org.apache.xerces.internal.jaxp.DocumentBuilderImpl.parse(DocumentBuilderImpl.java:339)
	at org.apache.ibatis.parsing.XPathParser.createDocument(XPathParser.java:257)
	... 69 more
2019-06-28 18:14:47,418 0      [           main] INFO  DefaultTestContextBootstrapper  - Loaded default TestExecutionListener class names from location [META-INF/spring.factories]: [org.springframework.test.context.web.ServletTestExecutionListener, org.springframework.test.context.support.DirtiesContextBeforeModesTestExecutionListener, org.springframework.test.context.support.DependencyInjectionTestExecutionListener, org.springframework.test.context.support.DirtiesContextTestExecutionListener, org.springframework.test.context.transaction.TransactionalTestExecutionListener, org.springframework.test.context.jdbc.SqlScriptsTestExecutionListener]
2019-06-28 18:14:47,433 15     [           main] INFO  DefaultTestContextBootstrapper  - Using TestExecutionListeners: [org.springframework.test.context.web.ServletTestExecutionListener@3159c4b8, org.springframework.test.context.support.DirtiesContextBeforeModesTestExecutionListener@73846619, org.springframework.test.context.support.DependencyInjectionTestExecutionListener@4bec1f0c, org.springframework.test.context.support.DirtiesContextTestExecutionListener@29ca901e, org.springframework.test.context.transaction.TransactionalTestExecutionListener@5649fd9b, org.springframework.test.context.jdbc.SqlScriptsTestExecutionListener@6adede5]
2019-06-28 18:14:48,608 1190   [           main] INFO  zaxxer.hikari.HikariDataSource  - HikariPool-1 - Starting...
2019-06-28 18:14:49,019 1601   [           main] INFO  om.zaxxer.hikari.pool.PoolBase  - HikariPool-1 - Driver does not support get/set network timeout for connections. (com.mysql.jdbc.JDBC4Connection.getNetworkTimeout()I)
2019-06-28 18:14:49,041 1623   [           main] INFO  zaxxer.hikari.HikariDataSource  - HikariPool-1 - Start completed.
2019-06-28 18:14:49,070 1652   [           main] INFO  ervice.impl.AccountServiceImpl  - 业务层：查询所有账户...
2019-06-28 18:14:49,140 1722   [       Thread-1] INFO  zaxxer.hikari.HikariDataSource  - HikariPool-1 - Shutdown initiated...
2019-06-28 18:14:49,144 1726   [       Thread-1] INFO  zaxxer.hikari.HikariDataSource  - HikariPool-1 - Shutdown completed.
2019-06-28 18:15:48,415 1      [           main] INFO  DefaultTestContextBootstrapper  - Loaded default TestExecutionListener class names from location [META-INF/spring.factories]: [org.springframework.test.context.web.ServletTestExecutionListener, org.springframework.test.context.support.DirtiesContextBeforeModesTestExecutionListener, org.springframework.test.context.support.DependencyInjectionTestExecutionListener, org.springframework.test.context.support.DirtiesContextTestExecutionListener, org.springframework.test.context.transaction.TransactionalTestExecutionListener, org.springframework.test.context.jdbc.SqlScriptsTestExecutionListener]
2019-06-28 18:15:48,429 15     [           main] INFO  DefaultTestContextBootstrapper  - Using TestExecutionListeners: [org.springframework.test.context.web.ServletTestExecutionListener@3159c4b8, org.springframework.test.context.support.DirtiesContextBeforeModesTestExecutionListener@73846619, org.springframework.test.context.support.DependencyInjectionTestExecutionListener@4bec1f0c, org.springframework.test.context.support.DirtiesContextTestExecutionListener@29ca901e, org.springframework.test.context.transaction.TransactionalTestExecutionListener@5649fd9b, org.springframework.test.context.jdbc.SqlScriptsTestExecutionListener@6adede5]
2019-06-28 18:15:49,598 1184   [           main] INFO  zaxxer.hikari.HikariDataSource  - HikariPool-1 - Starting...
2019-06-28 18:15:49,857 1443   [           main] INFO  om.zaxxer.hikari.pool.PoolBase  - HikariPool-1 - Driver does not support get/set network timeout for connections. (com.mysql.jdbc.JDBC4Connection.getNetworkTimeout()I)
2019-06-28 18:15:49,864 1450   [           main] INFO  zaxxer.hikari.HikariDataSource  - HikariPool-1 - Start completed.
2019-06-28 18:15:49,883 1469   [           main] INFO  ervice.impl.AccountServiceImpl  - 业务层：查询所有账户...
2019-06-28 18:15:49,928 1514   [       Thread-1] INFO  zaxxer.hikari.HikariDataSource  - HikariPool-1 - Shutdown initiated...
2019-06-28 18:15:49,933 1519   [       Thread-1] INFO  zaxxer.hikari.HikariDataSource  - HikariPool-1 - Shutdown completed.
